<?xml version="1.0" encoding="UTF-8"?>
<!-- Generated by org.testng.reporters.JUnitXMLReporter -->
<testsuite ignored="0" hostname="MB-W-VIGNESHWARAN" failures="1" tests="28" name="Default test" time="13.811" errors="0" timestamp="2022-09-13T22:29:37 IST">
  <testcase classname="com.qa.medibuddy.Phlebo.api.test.Phlebo_OTP_Test" name="Post_Call_Connect" time="3.77"/>
  <testcase classname="com.qa.medibuddy.Phlebo.api.test.Phlebo_OTP_Test" name="Post_Call_Connect_Invalid_Number" time="0.587"/>
  <testcase classname="com.qa.medibuddy.Phlebo.api.test.Phlebo_OTP_Test" name="Post_Send_OTP" time="0.875"/>
  <testcase classname="com.qa.medibuddy.Phlebo.api.test.Phlebo_OTP_Test" name="Post_verify_OTP_with_Invalid_OTP" time="0.246"/>
  <testcase classname="com.qa.medibuddy.Phlebo.api.test.Phlebo_Update_pincodes" name="update_Invalid_Pincodes_test" time="0.281"/>
  <testcase classname="com.qa.medibuddy.Phlebo.api.test.Phlebo_Update_pincodes" name="update_Pincode_With_InvalidCityName" time="0.295"/>
  <testcase classname="com.qa.medibuddy.Phlebo.api.test.Phlebo_Update_pincodes" name="update_Pincode_With_InvalidProviderId" time="0.264"/>
  <testcase classname="com.qa.medibuddy.Phlebo.api.test.Phlebo_Update_pincodes" name="update_ValidPincode_test" time="0.352"/>
  <testcase classname="com.qa.medibuddy.Phlebo.api.test.Phelo_Base_Test" name="Post_Onboard_New_SPC_Code" time="0.266"/>
  <testcase classname="com.qa.medibuddy.Phlebo.api.test.Phelo_Base_Test" name="Post_Update_Phlebo_Details" time="0.224"/>
  <testcase classname="com.qa.medibuddy.Phlebo.api.test.Phelo_Base_Test" name="Post_add_labs_API" time="0.433">
    <failure type="java.lang.AssertionError" message="1 expectation failed.
Expected status code &amp;lt;200&amp;gt; but was &amp;lt;404&amp;gt;.
">
      <![CDATA[java.lang.AssertionError: 1 expectation failed.
Expected status code <200> but was <404>.

at java.base/jdk.internal.reflect.DirectConstructorHandleAccessor.newInstance(DirectConstructorHandleAccessor.java:67)
at java.base/java.lang.reflect.Constructor.newInstanceWithCaller(Constructor.java:499)
at java.base/java.lang.reflect.Constructor.newInstance(Constructor.java:483)
at org.codehaus.groovy.reflection.CachedConstructor.invoke(CachedConstructor.java:73)
at org.codehaus.groovy.runtime.callsite.ConstructorSite$ConstructorSiteNoUnwrapNoCoerce.callConstructor(ConstructorSite.java:108)
at org.codehaus.groovy.runtime.callsite.CallSiteArray.defaultCallConstructor(CallSiteArray.java:58)
at org.codehaus.groovy.runtime.callsite.AbstractCallSite.callConstructor(AbstractCallSite.java:263)
at org.codehaus.groovy.runtime.callsite.AbstractCallSite.callConstructor(AbstractCallSite.java:277)
at io.restassured.internal.ResponseSpecificationImpl$HamcrestAssertionClosure.validate(ResponseSpecificationImpl.groovy:512)
at io.restassured.internal.ResponseSpecificationImpl$HamcrestAssertionClosure$validate$1.call(Unknown Source)
at io.restassured.internal.ResponseSpecificationImpl.validateResponseIfRequired(ResponseSpecificationImpl.groovy:696)
at io.restassured.internal.ResponseSpecificationImpl.this$2$validateResponseIfRequired(ResponseSpecificationImpl.groovy)
at java.base/jdk.internal.reflect.DirectMethodHandleAccessor.invoke(DirectMethodHandleAccessor.java:104)
at java.base/java.lang.reflect.Method.invoke(Method.java:577)
at org.codehaus.groovy.runtime.callsite.PlainObjectMetaMethodSite.doInvoke(PlainObjectMetaMethodSite.java:43)
at org.codehaus.groovy.runtime.callsite.PogoMetaMethodSite$PogoCachedMethodSiteNoUnwrapNoCoerce.invoke(PogoMetaMethodSite.java:198)
at org.codehaus.groovy.runtime.callsite.PogoMetaMethodSite.callCurrent(PogoMetaMethodSite.java:62)
at org.codehaus.groovy.runtime.callsite.AbstractCallSite.callCurrent(AbstractCallSite.java:185)
at io.restassured.internal.ResponseSpecificationImpl.statusCode(ResponseSpecificationImpl.groovy:135)
at io.restassured.specification.ResponseSpecification$statusCode$0.callCurrent(Unknown Source)
at io.restassured.internal.ResponseSpecificationImpl.statusCode(ResponseSpecificationImpl.groovy:143)
at io.restassured.internal.ValidatableResponseOptionsImpl.statusCode(ValidatableResponseOptionsImpl.java:89)
at com.qa.medibuddy.Phlebo.api.test.Phelo_Base_Test.Post_add_labs_API(Phelo_Base_Test.java:107)
at java.base/jdk.internal.reflect.DirectMethodHandleAccessor.invoke(DirectMethodHandleAccessor.java:104)
at java.base/java.lang.reflect.Method.invoke(Method.java:577)
at org.testng.internal.MethodInvocationHelper.invokeMethod(MethodInvocationHelper.java:133)
at org.testng.internal.TestInvoker.invokeMethod(TestInvoker.java:598)
at org.testng.internal.TestInvoker.invokeTestMethod(TestInvoker.java:173)
at org.testng.internal.MethodRunner.runInSequence(MethodRunner.java:46)
at org.testng.internal.TestInvoker$MethodInvocationAgent.invoke(TestInvoker.java:824)
at org.testng.internal.TestInvoker.invokeTestMethods(TestInvoker.java:146)
at org.testng.internal.TestMethodWorker.invokeTestMethods(TestMethodWorker.java:146)
at org.testng.internal.TestMethodWorker.run(TestMethodWorker.java:128)
at java.base/java.util.ArrayList.forEach(ArrayList.java:1511)
at org.testng.TestRunner.privateRun(TestRunner.java:794)
at org.testng.TestRunner.run(TestRunner.java:596)
at org.testng.SuiteRunner.runTest(SuiteRunner.java:377)
at org.testng.SuiteRunner.runSequentially(SuiteRunner.java:371)
at org.testng.SuiteRunner.privateRun(SuiteRunner.java:332)
at org.testng.SuiteRunner.run(SuiteRunner.java:276)
at org.testng.SuiteRunnerWorker.runSuite(SuiteRunnerWorker.java:53)
at org.testng.SuiteRunnerWorker.run(SuiteRunnerWorker.java:96)
at org.testng.TestNG.runSuitesSequentially(TestNG.java:1212)
at org.testng.TestNG.runSuitesLocally(TestNG.java:1134)
at org.testng.TestNG.runSuites(TestNG.java:1063)
at org.testng.TestNG.run(TestNG.java:1031)
at org.testng.remote.AbstractRemoteTestNG.run(AbstractRemoteTestNG.java:115)
at org.testng.remote.RemoteTestNG.initAndRun(RemoteTestNG.java:251)
at org.testng.remote.RemoteTestNG.main(RemoteTestNG.java:77)
]]>
    </failure>
  </testcase> <!-- Post_add_labs_API -->
  <testcase classname="com.qa.medibuddy.Phlebo.api.test.Phelo_Base_Test" name="Post_get_Orders_API" time="0.722"/>
  <testcase classname="com.qa.medibuddy.Phlebo.api.test.Phelo_Base_Test" name="check_Slot_by_City_API" time="0.234"/>
  <testcase classname="com.qa.medibuddy.Phlebo.api.test.Phelo_Base_Test" name="create_Order_Test_API" time="0.254"/>
  <testcase classname="com.qa.medibuddy.Phlebo.api.test.Phelo_Base_Test" name="get_orders_with_invalid_PhleboId" time="0.248"/>
  <testcase classname="com.qa.medibuddy.Phlebo.api.test.Phlebo_Leaves_Tests" name="apply_Phelbo_Leave_For_FullDay" time="0.255"/>
  <testcase classname="com.qa.medibuddy.Phlebo.api.test.Phlebo_Leaves_Tests" name="apply_Phlebo_Leave_For_Second_Half" time="0.25"/>
  <testcase classname="com.qa.medibuddy.Phlebo.api.test.Phlebo_Leaves_Tests" name="apply_Phleobo_Leave" time="0.25"/>
  <testcase classname="com.qa.medibuddy.Phlebo.api.test.Phlebo_Leaves_Tests" name="apply_Phleobo_Leave_For_already_Applied_Dates" time="0.589"/>
  <testcase classname="com.qa.medibuddy.Phlebo.api.test.Phlebo_Leaves_Tests" name="apply_Phleobo_Leave_without_ID_And_Date" time="0.22"/>
  <testcase classname="com.qa.medibuddy.Phlebo.api.test.Phlebo_Leaves_Tests" name="approve_Phlebo_Leave" time="0.242"/>
  <testcase classname="com.qa.medibuddy.Phlebo.api.test.Phlebo_Leaves_Tests" name="view_Phlebo_Leaves_Based_On_City" time="0.269"/>
  <testcase classname="com.qa.medibuddy.Phlebo.api.test.Phlebo_Leaves_Tests" name="view_Phlebo_Leaves_Based_On_City_InvalidTest" time="0.222"/>
  <testcase classname="com.qa.medibuddy.Phlebo.api.test.Phlebo_Leaves_Tests" name="view_Phlebo_leaves" time="0.227"/>
  <testcase classname="com.qa.medibuddy.Phlebo.api.test.Phlebo_Leaves_Tests" name="view_Phlebo_leaves_for_3_Days" time="0.224"/>
  <testcase classname="com.qa.medibuddy.Phlebo.api.test.Phlebo_Leaves_Tests" name="view_Phlebo_leaves_for_invalid_Phlebo" time="0.203"/>
  <testcase classname="com.qa.medibuddy.Phlebo.api.test.Phlebo_Get_Api_Tests" name="get_Lab_Tests" time="1.235"/>
  <testcase classname="com.qa.medibuddy.Phlebo.api.test.Phlebo_Get_Api_Tests" name="post_Get_All_Order" time="0.294"/>
</testsuite> <!-- Default test -->
