<?xml version="1.0" encoding="UTF-8"?>
<testng-results ignored="0" total="1" passed="1" failed="0" skipped="0">
  <reporter-output>
  </reporter-output>
  <suite started-at="2022-11-22T12:45:17 IST" name="Default suite" finished-at="2022-11-22T12:45:21 IST" duration-ms="3802">
    <groups>
    </groups>
    <test started-at="2022-11-22T12:45:17 IST" name="Default test" finished-at="2022-11-22T12:45:21 IST" duration-ms="3802">
      <class name="com.qa.medibuddy.Phlebo.api.test.labs_FetchPackageDetails_Price_Zero">
        <test-method signature="Price_Zero_Package()[pri:0, instance:com.qa.medibuddy.Phlebo.api.test.labs_FetchPackageDetails_Price_Zero@726a6b94]" started-at="2022-11-22T12:45:17 IST" name="Price_Zero_Package" finished-at="2022-11-22T12:45:20 IST" duration-ms="3688" status="PASS">
          <reporter-output>
          </reporter-output>
        </test-method> <!-- Price_Zero_Package -->
      </class> <!-- com.qa.medibuddy.Phlebo.api.test.labs_FetchPackageDetails_Price_Zero -->
    </test> <!-- Default test -->
  </suite> <!-- Default suite -->
</testng-results>
