<?xml version="1.0" encoding="UTF-8"?>
<testng-results ignored="0" total="28" passed="27" failed="1" skipped="0">
  <reporter-output>
  </reporter-output>
  <suite started-at="2022-09-13T22:29:24 IST" name="Default suite" finished-at="2022-09-13T22:29:37 IST" duration-ms="13811">
    <groups>
    </groups>
    <test started-at="2022-09-13T22:29:24 IST" name="Default test" finished-at="2022-09-13T22:29:37 IST" duration-ms="13811">
      <class name="com.qa.medibuddy.Phlebo.api.test.Phlebo_OTP_Test">
        <test-method signature="Post_Call_Connect()[pri:0, instance:com.qa.medibuddy.Phlebo.api.test.Phlebo_OTP_Test@2787de58]" started-at="2022-09-13T22:29:24 IST" name="Post_Call_Connect" finished-at="2022-09-13T22:29:27 IST" duration-ms="3770" status="PASS">
          <reporter-output>
          </reporter-output>
        </test-method> <!-- Post_Call_Connect -->
        <test-method signature="Post_Call_Connect_Invalid_Number()[pri:0, instance:com.qa.medibuddy.Phlebo.api.test.Phlebo_OTP_Test@2787de58]" started-at="2022-09-13T22:29:28 IST" name="Post_Call_Connect_Invalid_Number" finished-at="2022-09-13T22:29:28 IST" duration-ms="587" status="PASS">
          <reporter-output>
          </reporter-output>
        </test-method> <!-- Post_Call_Connect_Invalid_Number -->
        <test-method signature="Post_Send_OTP()[pri:0, instance:com.qa.medibuddy.Phlebo.api.test.Phlebo_OTP_Test@2787de58]" started-at="2022-09-13T22:29:28 IST" name="Post_Send_OTP" finished-at="2022-09-13T22:29:29 IST" duration-ms="875" status="PASS">
          <reporter-output>
          </reporter-output>
        </test-method> <!-- Post_Send_OTP -->
        <test-method signature="Post_verify_OTP_with_Invalid_OTP()[pri:0, instance:com.qa.medibuddy.Phlebo.api.test.Phlebo_OTP_Test@2787de58]" started-at="2022-09-13T22:29:29 IST" name="Post_verify_OTP_with_Invalid_OTP" finished-at="2022-09-13T22:29:29 IST" duration-ms="246" status="PASS">
          <reporter-output>
          </reporter-output>
        </test-method> <!-- Post_verify_OTP_with_Invalid_OTP -->
      </class> <!-- com.qa.medibuddy.Phlebo.api.test.Phlebo_OTP_Test -->
      <class name="com.qa.medibuddy.Phlebo.api.test.Phelo_Base_Test">
        <test-method signature="Post_Onboard_New_SPC_Code()[pri:0, instance:com.qa.medibuddy.Phlebo.api.test.Phelo_Base_Test@4fe875be]" started-at="2022-09-13T22:29:30 IST" name="Post_Onboard_New_SPC_Code" finished-at="2022-09-13T22:29:31 IST" duration-ms="266" status="PASS">
          <reporter-output>
          </reporter-output>
        </test-method> <!-- Post_Onboard_New_SPC_Code -->
        <test-method signature="Post_Update_Phlebo_Details()[pri:0, instance:com.qa.medibuddy.Phlebo.api.test.Phelo_Base_Test@4fe875be]" started-at="2022-09-13T22:29:31 IST" name="Post_Update_Phlebo_Details" finished-at="2022-09-13T22:29:31 IST" duration-ms="224" status="PASS">
          <reporter-output>
          </reporter-output>
        </test-method> <!-- Post_Update_Phlebo_Details -->
        <test-method signature="Post_add_labs_API()[pri:0, instance:com.qa.medibuddy.Phlebo.api.test.Phelo_Base_Test@4fe875be]" started-at="2022-09-13T22:29:31 IST" name="Post_add_labs_API" finished-at="2022-09-13T22:29:31 IST" duration-ms="433" status="FAIL">
          <exception class="java.lang.AssertionError">
            <message>
              <![CDATA[1 expectation failed.
Expected status code <200> but was <404>.
]]>
            </message>
            <full-stacktrace>
              <![CDATA[java.lang.AssertionError: 1 expectation failed.
Expected status code <200> but was <404>.

at java.base/jdk.internal.reflect.DirectConstructorHandleAccessor.newInstance(DirectConstructorHandleAccessor.java:67)
at java.base/java.lang.reflect.Constructor.newInstanceWithCaller(Constructor.java:499)
at java.base/java.lang.reflect.Constructor.newInstance(Constructor.java:483)
at org.codehaus.groovy.reflection.CachedConstructor.invoke(CachedConstructor.java:73)
at org.codehaus.groovy.runtime.callsite.ConstructorSite$ConstructorSiteNoUnwrapNoCoerce.callConstructor(ConstructorSite.java:108)
at org.codehaus.groovy.runtime.callsite.CallSiteArray.defaultCallConstructor(CallSiteArray.java:58)
at org.codehaus.groovy.runtime.callsite.AbstractCallSite.callConstructor(AbstractCallSite.java:263)
at org.codehaus.groovy.runtime.callsite.AbstractCallSite.callConstructor(AbstractCallSite.java:277)
at io.restassured.internal.ResponseSpecificationImpl$HamcrestAssertionClosure.validate(ResponseSpecificationImpl.groovy:512)
at io.restassured.internal.ResponseSpecificationImpl$HamcrestAssertionClosure$validate$1.call(Unknown Source)
at io.restassured.internal.ResponseSpecificationImpl.validateResponseIfRequired(ResponseSpecificationImpl.groovy:696)
at io.restassured.internal.ResponseSpecificationImpl.this$2$validateResponseIfRequired(ResponseSpecificationImpl.groovy)
at java.base/jdk.internal.reflect.DirectMethodHandleAccessor.invoke(DirectMethodHandleAccessor.java:104)
at java.base/java.lang.reflect.Method.invoke(Method.java:577)
at org.codehaus.groovy.runtime.callsite.PlainObjectMetaMethodSite.doInvoke(PlainObjectMetaMethodSite.java:43)
at org.codehaus.groovy.runtime.callsite.PogoMetaMethodSite$PogoCachedMethodSiteNoUnwrapNoCoerce.invoke(PogoMetaMethodSite.java:198)
at org.codehaus.groovy.runtime.callsite.PogoMetaMethodSite.callCurrent(PogoMetaMethodSite.java:62)
at org.codehaus.groovy.runtime.callsite.AbstractCallSite.callCurrent(AbstractCallSite.java:185)
at io.restassured.internal.ResponseSpecificationImpl.statusCode(ResponseSpecificationImpl.groovy:135)
at io.restassured.specification.ResponseSpecification$statusCode$0.callCurrent(Unknown Source)
at io.restassured.internal.ResponseSpecificationImpl.statusCode(ResponseSpecificationImpl.groovy:143)
at io.restassured.internal.ValidatableResponseOptionsImpl.statusCode(ValidatableResponseOptionsImpl.java:89)
at com.qa.medibuddy.Phlebo.api.test.Phelo_Base_Test.Post_add_labs_API(Phelo_Base_Test.java:107)
at java.base/jdk.internal.reflect.DirectMethodHandleAccessor.invoke(DirectMethodHandleAccessor.java:104)
at java.base/java.lang.reflect.Method.invoke(Method.java:577)
at org.testng.internal.MethodInvocationHelper.invokeMethod(MethodInvocationHelper.java:133)
at org.testng.internal.TestInvoker.invokeMethod(TestInvoker.java:598)
at org.testng.internal.TestInvoker.invokeTestMethod(TestInvoker.java:173)
at org.testng.internal.MethodRunner.runInSequence(MethodRunner.java:46)
at org.testng.internal.TestInvoker$MethodInvocationAgent.invoke(TestInvoker.java:824)
at org.testng.internal.TestInvoker.invokeTestMethods(TestInvoker.java:146)
at org.testng.internal.TestMethodWorker.invokeTestMethods(TestMethodWorker.java:146)
at org.testng.internal.TestMethodWorker.run(TestMethodWorker.java:128)
at java.base/java.util.ArrayList.forEach(ArrayList.java:1511)
at org.testng.TestRunner.privateRun(TestRunner.java:794)
at org.testng.TestRunner.run(TestRunner.java:596)
at org.testng.SuiteRunner.runTest(SuiteRunner.java:377)
at org.testng.SuiteRunner.runSequentially(SuiteRunner.java:371)
at org.testng.SuiteRunner.privateRun(SuiteRunner.java:332)
at org.testng.SuiteRunner.run(SuiteRunner.java:276)
at org.testng.SuiteRunnerWorker.runSuite(SuiteRunnerWorker.java:53)
at org.testng.SuiteRunnerWorker.run(SuiteRunnerWorker.java:96)
at org.testng.TestNG.runSuitesSequentially(TestNG.java:1212)
at org.testng.TestNG.runSuitesLocally(TestNG.java:1134)
at org.testng.TestNG.runSuites(TestNG.java:1063)
at org.testng.TestNG.run(TestNG.java:1031)
at org.testng.remote.AbstractRemoteTestNG.run(AbstractRemoteTestNG.java:115)
at org.testng.remote.RemoteTestNG.initAndRun(RemoteTestNG.java:251)
at org.testng.remote.RemoteTestNG.main(RemoteTestNG.java:77)
]]>
            </full-stacktrace>
          </exception> <!-- java.lang.AssertionError -->
          <reporter-output>
          </reporter-output>
        </test-method> <!-- Post_add_labs_API -->
        <test-method signature="Post_get_Orders_API()[pri:0, instance:com.qa.medibuddy.Phlebo.api.test.Phelo_Base_Test@4fe875be]" started-at="2022-09-13T22:29:31 IST" name="Post_get_Orders_API" description="GetOrders" finished-at="2022-09-13T22:29:32 IST" duration-ms="722" status="PASS">
          <reporter-output>
          </reporter-output>
        </test-method> <!-- Post_get_Orders_API -->
        <test-method signature="check_Slot_by_City_API()[pri:0, instance:com.qa.medibuddy.Phlebo.api.test.Phelo_Base_Test@4fe875be]" started-at="2022-09-13T22:29:32 IST" name="check_Slot_by_City_API" finished-at="2022-09-13T22:29:32 IST" duration-ms="234" status="PASS">
          <reporter-output>
          </reporter-output>
        </test-method> <!-- check_Slot_by_City_API -->
        <test-method signature="create_Order_Test_API()[pri:0, instance:com.qa.medibuddy.Phlebo.api.test.Phelo_Base_Test@4fe875be]" started-at="2022-09-13T22:29:32 IST" name="create_Order_Test_API" description="Create Order API" finished-at="2022-09-13T22:29:33 IST" duration-ms="254" status="PASS">
          <reporter-output>
          </reporter-output>
        </test-method> <!-- create_Order_Test_API -->
        <test-method signature="get_orders_with_invalid_PhleboId()[pri:0, instance:com.qa.medibuddy.Phlebo.api.test.Phelo_Base_Test@4fe875be]" started-at="2022-09-13T22:29:33 IST" name="get_orders_with_invalid_PhleboId" description="GetOrders" finished-at="2022-09-13T22:29:33 IST" duration-ms="248" status="PASS">
          <reporter-output>
          </reporter-output>
        </test-method> <!-- get_orders_with_invalid_PhleboId -->
      </class> <!-- com.qa.medibuddy.Phlebo.api.test.Phelo_Base_Test -->
      <class name="com.qa.medibuddy.Phlebo.api.test.Phlebo_Leaves_Tests">
        <test-method signature="apply_Phelbo_Leave_For_FullDay()[pri:0, instance:com.qa.medibuddy.Phlebo.api.test.Phlebo_Leaves_Tests@677b8e13]" started-at="2022-09-13T22:29:33 IST" name="apply_Phelbo_Leave_For_FullDay" finished-at="2022-09-13T22:29:33 IST" duration-ms="255" status="PASS">
          <reporter-output>
          </reporter-output>
        </test-method> <!-- apply_Phelbo_Leave_For_FullDay -->
        <test-method signature="apply_Phlebo_Leave_For_Second_Half()[pri:0, instance:com.qa.medibuddy.Phlebo.api.test.Phlebo_Leaves_Tests@677b8e13]" started-at="2022-09-13T22:29:33 IST" name="apply_Phlebo_Leave_For_Second_Half" finished-at="2022-09-13T22:29:33 IST" duration-ms="250" status="PASS">
          <reporter-output>
          </reporter-output>
        </test-method> <!-- apply_Phlebo_Leave_For_Second_Half -->
        <test-method signature="apply_Phleobo_Leave()[pri:0, instance:com.qa.medibuddy.Phlebo.api.test.Phlebo_Leaves_Tests@677b8e13]" started-at="2022-09-13T22:29:33 IST" name="apply_Phleobo_Leave" description="Apply Phlebo Leaves" finished-at="2022-09-13T22:29:34 IST" duration-ms="250" status="PASS">
          <reporter-output>
          </reporter-output>
        </test-method> <!-- apply_Phleobo_Leave -->
        <test-method signature="apply_Phleobo_Leave_For_already_Applied_Dates()[pri:0, instance:com.qa.medibuddy.Phlebo.api.test.Phlebo_Leaves_Tests@677b8e13]" started-at="2022-09-13T22:29:34 IST" name="apply_Phleobo_Leave_For_already_Applied_Dates" finished-at="2022-09-13T22:29:34 IST" duration-ms="589" status="PASS">
          <reporter-output>
          </reporter-output>
        </test-method> <!-- apply_Phleobo_Leave_For_already_Applied_Dates -->
        <test-method signature="apply_Phleobo_Leave_without_ID_And_Date()[pri:0, instance:com.qa.medibuddy.Phlebo.api.test.Phlebo_Leaves_Tests@677b8e13]" started-at="2022-09-13T22:29:34 IST" name="apply_Phleobo_Leave_without_ID_And_Date" finished-at="2022-09-13T22:29:35 IST" duration-ms="220" status="PASS">
          <reporter-output>
          </reporter-output>
        </test-method> <!-- apply_Phleobo_Leave_without_ID_And_Date -->
        <test-method signature="approve_Phlebo_Leave()[pri:0, instance:com.qa.medibuddy.Phlebo.api.test.Phlebo_Leaves_Tests@677b8e13]" started-at="2022-09-13T22:29:35 IST" name="approve_Phlebo_Leave" finished-at="2022-09-13T22:29:35 IST" duration-ms="242" status="PASS">
          <reporter-output>
          </reporter-output>
        </test-method> <!-- approve_Phlebo_Leave -->
        <test-method signature="view_Phlebo_Leaves_Based_On_City()[pri:0, instance:com.qa.medibuddy.Phlebo.api.test.Phlebo_Leaves_Tests@677b8e13]" started-at="2022-09-13T22:29:35 IST" name="view_Phlebo_Leaves_Based_On_City" finished-at="2022-09-13T22:29:35 IST" duration-ms="269" status="PASS">
          <reporter-output>
          </reporter-output>
        </test-method> <!-- view_Phlebo_Leaves_Based_On_City -->
        <test-method signature="view_Phlebo_Leaves_Based_On_City_InvalidTest()[pri:0, instance:com.qa.medibuddy.Phlebo.api.test.Phlebo_Leaves_Tests@677b8e13]" started-at="2022-09-13T22:29:35 IST" name="view_Phlebo_Leaves_Based_On_City_InvalidTest" finished-at="2022-09-13T22:29:35 IST" duration-ms="222" status="PASS">
          <reporter-output>
          </reporter-output>
        </test-method> <!-- view_Phlebo_Leaves_Based_On_City_InvalidTest -->
        <test-method signature="view_Phlebo_leaves()[pri:0, instance:com.qa.medibuddy.Phlebo.api.test.Phlebo_Leaves_Tests@677b8e13]" started-at="2022-09-13T22:29:35 IST" name="view_Phlebo_leaves" finished-at="2022-09-13T22:29:35 IST" duration-ms="227" status="PASS">
          <reporter-output>
          </reporter-output>
        </test-method> <!-- view_Phlebo_leaves -->
        <test-method signature="view_Phlebo_leaves_for_3_Days()[pri:0, instance:com.qa.medibuddy.Phlebo.api.test.Phlebo_Leaves_Tests@677b8e13]" started-at="2022-09-13T22:29:35 IST" name="view_Phlebo_leaves_for_3_Days" finished-at="2022-09-13T22:29:36 IST" duration-ms="224" status="PASS">
          <reporter-output>
          </reporter-output>
        </test-method> <!-- view_Phlebo_leaves_for_3_Days -->
        <test-method signature="view_Phlebo_leaves_for_invalid_Phlebo()[pri:0, instance:com.qa.medibuddy.Phlebo.api.test.Phlebo_Leaves_Tests@677b8e13]" started-at="2022-09-13T22:29:36 IST" name="view_Phlebo_leaves_for_invalid_Phlebo" finished-at="2022-09-13T22:29:36 IST" duration-ms="203" status="PASS">
          <reporter-output>
          </reporter-output>
        </test-method> <!-- view_Phlebo_leaves_for_invalid_Phlebo -->
      </class> <!-- com.qa.medibuddy.Phlebo.api.test.Phlebo_Leaves_Tests -->
      <class name="com.qa.medibuddy.Phlebo.api.test.Phlebo_Update_pincodes">
        <test-method signature="update_Invalid_Pincodes_test()[pri:0, instance:com.qa.medibuddy.Phlebo.api.test.Phlebo_Update_pincodes@4d8126f]" started-at="2022-09-13T22:29:29 IST" name="update_Invalid_Pincodes_test" description="Update Pincodes" finished-at="2022-09-13T22:29:30 IST" duration-ms="281" status="PASS">
          <reporter-output>
          </reporter-output>
        </test-method> <!-- update_Invalid_Pincodes_test -->
        <test-method signature="update_Pincode_With_InvalidCityName()[pri:0, instance:com.qa.medibuddy.Phlebo.api.test.Phlebo_Update_pincodes@4d8126f]" started-at="2022-09-13T22:29:30 IST" name="update_Pincode_With_InvalidCityName" description="Update Pincodes" finished-at="2022-09-13T22:29:30 IST" duration-ms="295" status="PASS">
          <reporter-output>
          </reporter-output>
        </test-method> <!-- update_Pincode_With_InvalidCityName -->
        <test-method signature="update_Pincode_With_InvalidProviderId()[pri:0, instance:com.qa.medibuddy.Phlebo.api.test.Phlebo_Update_pincodes@4d8126f]" started-at="2022-09-13T22:29:30 IST" name="update_Pincode_With_InvalidProviderId" description="Update Pincodes" finished-at="2022-09-13T22:29:30 IST" duration-ms="264" status="PASS">
          <reporter-output>
          </reporter-output>
        </test-method> <!-- update_Pincode_With_InvalidProviderId -->
        <test-method signature="update_ValidPincode_test()[pri:0, instance:com.qa.medibuddy.Phlebo.api.test.Phlebo_Update_pincodes@4d8126f]" started-at="2022-09-13T22:29:30 IST" name="update_ValidPincode_test" description="Update Pincodes" finished-at="2022-09-13T22:29:30 IST" duration-ms="352" status="PASS">
          <reporter-output>
          </reporter-output>
        </test-method> <!-- update_ValidPincode_test -->
      </class> <!-- com.qa.medibuddy.Phlebo.api.test.Phlebo_Update_pincodes -->
      <class name="com.qa.medibuddy.Phlebo.api.test.Phlebo_Get_Api_Tests">
        <test-method signature="get_Lab_Tests()[pri:0, instance:com.qa.medibuddy.Phlebo.api.test.Phlebo_Get_Api_Tests@4a9486c0]" started-at="2022-09-13T22:29:36 IST" name="get_Lab_Tests" finished-at="2022-09-13T22:29:37 IST" duration-ms="1235" status="PASS">
          <reporter-output>
          </reporter-output>
        </test-method> <!-- get_Lab_Tests -->
        <test-method signature="post_Get_All_Order()[pri:0, instance:com.qa.medibuddy.Phlebo.api.test.Phlebo_Get_Api_Tests@4a9486c0]" started-at="2022-09-13T22:29:37 IST" name="post_Get_All_Order" finished-at="2022-09-13T22:29:37 IST" duration-ms="294" status="PASS">
          <reporter-output>
          </reporter-output>
        </test-method> <!-- post_Get_All_Order -->
      </class> <!-- com.qa.medibuddy.Phlebo.api.test.Phlebo_Get_Api_Tests -->
    </test> <!-- Default test -->
  </suite> <!-- Default suite -->
</testng-results>
